<?xml version="1.0" encoding="UTF-8"?>
<coverage generated="1556661607351" clover="3.2.0">
  <project timestamp="1556661607352" name="All files">
    <metrics statements="10" coveredstatements="10" conditionals="2" coveredconditionals="2" methods="3" coveredmethods="3" elements="15" coveredelements="15" complexity="0" loc="10" ncloc="10" packages="1" files="1" classes="1">
      <file name="sso.service.ts" path="/home/formati/workspace/poc-sso/src/sso/sso.service.ts">
        <metrics statements="10" coveredstatements="10" conditionals="2" coveredconditionals="2" methods="3" coveredmethods="3"/>
        <line num="1" count="1" type="stmt"/>
        <line num="5" count="1" type="stmt"/>
        <line num="7" count="2" type="stmt"/>
        <line num="10" count="1" type="stmt"/>
        <line num="11" count="1" type="stmt"/>
        <line num="12" count="1" type="stmt"/>
        <line num="16" count="2" type="stmt"/>
        <line num="17" count="2" type="cond" truecount="2" falsecount="0"/>
        <line num="18" count="1" type="stmt"/>
        <line num="20" count="1" type="stmt"/>
      </file>
    </metrics>
  </project>
</coverage>
