<?xml version="1.0" encoding="UTF-8"?>
<coverage generated="1556660026701" clover="3.2.0">
  <project timestamp="1556660026701" name="All files">
    <metrics statements="18" coveredstatements="18" conditionals="0" coveredconditionals="0" methods="7" coveredmethods="6" elements="25" coveredelements="24" complexity="0" loc="18" ncloc="18" packages="2" files="4" classes="4">
      <package name="src">
        <metrics statements="9" coveredstatements="9" conditionals="0" coveredconditionals="0" methods="3" coveredmethods="3"/>
        <file name="app.controller.ts" path="/home/formati/workspace/poc-sso/src/app.controller.ts">
          <metrics statements="6" coveredstatements="6" conditionals="0" coveredconditionals="0" methods="2" coveredmethods="2"/>
          <line num="1" count="1" type="stmt"/>
          <line num="2" count="1" type="stmt"/>
          <line num="5" count="1" type="stmt"/>
          <line num="6" count="1" type="stmt"/>
          <line num="9" count="1" type="stmt"/>
          <line num="10" count="1" type="stmt"/>
        </file>
        <file name="app.service.ts" path="/home/formati/workspace/poc-sso/src/app.service.ts">
          <metrics statements="3" coveredstatements="3" conditionals="0" coveredconditionals="0" methods="1" coveredmethods="1"/>
          <line num="1" count="1" type="stmt"/>
          <line num="4" count="1" type="stmt"/>
          <line num="6" count="1" type="stmt"/>
        </file>
      </package>
      <package name="src.sso">
        <metrics statements="9" coveredstatements="9" conditionals="0" coveredconditionals="0" methods="4" coveredmethods="3"/>
        <file name="sso.controller.ts" path="/home/formati/workspace/poc-sso/src/sso/sso.controller.ts">
          <metrics statements="3" coveredstatements="3" conditionals="0" coveredconditionals="0" methods="1" coveredmethods="0"/>
          <line num="2" count="1" type="stmt"/>
          <line num="5" count="1" type="stmt"/>
          <line num="8" count="1" type="stmt"/>
        </file>
        <file name="sso.service.ts" path="/home/formati/workspace/poc-sso/src/sso/sso.service.ts">
          <metrics statements="6" coveredstatements="6" conditionals="0" coveredconditionals="0" methods="3" coveredmethods="3"/>
          <line num="1" count="1" type="stmt"/>
          <line num="5" count="1" type="stmt"/>
          <line num="7" count="2" type="stmt"/>
          <line num="10" count="1" type="stmt"/>
          <line num="11" count="1" type="stmt"/>
          <line num="15" count="1" type="stmt"/>
        </file>
      </package>
    </metrics>
  </project>
</coverage>
