TN:
SF:/home/formati/workspace/poc-sso/src/app.controller.ts
FN:6,(anonymous_2)
FN:9,(anonymous_3)
FNF:2
FNH:2
FNDA:1,(anonymous_2)
FNDA:1,(anonymous_3)
DA:1,1
DA:2,1
DA:5,1
DA:6,1
DA:9,1
DA:10,1
LF:6
LH:6
BRF:0
BRH:0
end_of_record
TN:
SF:/home/formati/workspace/poc-sso/src/app.service.ts
FN:5,(anonymous_1)
FNF:1
FNH:1
FNDA:1,(anonymous_1)
DA:1,1
DA:4,1
DA:6,1
LF:3
LH:3
BRF:0
BRH:0
end_of_record
TN:
SF:/home/formati/workspace/poc-sso/src/sso/sso.service.ts
FN:4,(anonymous_1)
FN:9,(anonymous_2)
FN:15,(anonymous_3)
FNF:3
FNH:3
FNDA:3,(anonymous_1)
FNDA:1,(anonymous_2)
FNDA:2,(anonymous_3)
DA:1,1
DA:5,1
DA:7,3
DA:10,1
DA:11,1
DA:12,1
DA:16,2
DA:17,2
DA:18,1
DA:20,1
LF:10
LH:10
BRDA:17,0,0,1
BRDA:17,0,1,1
BRF:2
BRH:2
end_of_record
